

Started GET "/" for 127.0.0.1 at 2015-10-10 12:43:12 +0700
Processing by ApplicationController#hello as HTML
  Rendered text template (0.0ms)
Completed 200 OK in 11ms (Views: 3.4ms | ActiveRecord: 0.0ms)
  [1m[36m (129.9ms)[0m  [1mCREATE TABLE "schema_migrations" ("version" varchar NOT NULL) [0m
  [1m[35m (0.1ms)[0m  select sqlite_version(*)
  [1m[36m (100.1ms)[0m  [1mCREATE UNIQUE INDEX "unique_schema_migrations" ON "schema_migrations" ("version")[0m
  [1m[35mActiveRecord::SchemaMigration Load (0.1ms)[0m  SELECT "schema_migrations".* FROM "schema_migrations"
Migrating to CreateUsers (20151010054828)
  [1m[36m (0.1ms)[0m  [1mbegin transaction[0m
  [1m[35m (0.6ms)[0m  CREATE TABLE "users" ("id" INTEGER PRIMARY KEY AUTOINCREMENT NOT NULL, "name" varchar, "mail" varchar, "created_at" datetime NOT NULL, "updated_at" datetime NOT NULL) 
  [1m[36mSQL (0.3ms)[0m  [1mINSERT INTO "schema_migrations" ("version") VALUES (?)[0m  [["version", "20151010054828"]]
  [1m[35m (97.9ms)[0m  commit transaction
  [1m[36mActiveRecord::SchemaMigration Load (0.3ms)[0m  [1mSELECT "schema_migrations".* FROM "schema_migrations"[0m


Started GET "/" for 127.0.0.1 at 2015-10-10 13:24:52 +0700
  [1m[36mActiveRecord::SchemaMigration Load (0.1ms)[0m  [1mSELECT "schema_migrations".* FROM "schema_migrations"[0m
Processing by ApplicationController#hello as HTML
  Rendered text template (0.0ms)
Completed 200 OK in 11ms (Views: 3.4ms | ActiveRecord: 0.0ms)


Started GET "/user" for 127.0.0.1 at 2015-10-10 13:24:56 +0700

ActionController::RoutingError (No route matches [GET] "/user"):
  web-console (2.0.0) lib/action_dispatch/debug_exceptions.rb:22:in `middleware_call'
  web-console (2.0.0) lib/action_dispatch/debug_exceptions.rb:13:in `call'
  actionpack (4.2.2) lib/action_dispatch/middleware/show_exceptions.rb:30:in `call'
  railties (4.2.2) lib/rails/rack/logger.rb:38:in `call_app'
  railties (4.2.2) lib/rails/rack/logger.rb:20:in `block in call'
  activesupport (4.2.2) lib/active_support/tagged_logging.rb:68:in `block in tagged'
  activesupport (4.2.2) lib/active_support/tagged_logging.rb:26:in `tagged'
  activesupport (4.2.2) lib/active_support/tagged_logging.rb:68:in `tagged'
  railties (4.2.2) lib/rails/rack/logger.rb:20:in `call'
  actionpack (4.2.2) lib/action_dispatch/middleware/request_id.rb:21:in `call'
  rack (1.6.4) lib/rack/methodoverride.rb:22:in `call'
  rack (1.6.4) lib/rack/runtime.rb:18:in `call'
  activesupport (4.2.2) lib/active_support/cache/strategy/local_cache_middleware.rb:28:in `call'
  rack (1.6.4) lib/rack/lock.rb:17:in `call'
  actionpack (4.2.2) lib/action_dispatch/middleware/static.rb:113:in `call'
  rack (1.6.4) lib/rack/sendfile.rb:113:in `call'
  railties (4.2.2) lib/rails/engine.rb:518:in `call'
  railties (4.2.2) lib/rails/application.rb:164:in `call'
  rack (1.6.4) lib/rack/lock.rb:17:in `call'
  rack (1.6.4) lib/rack/content_length.rb:15:in `call'
  rack (1.6.4) lib/rack/handler/webrick.rb:88:in `service'
  /home/hustmaroon/.rvm/rubies/ruby-2.0.0-p643/lib/ruby/2.0.0/webrick/httpserver.rb:138:in `service'
  /home/hustmaroon/.rvm/rubies/ruby-2.0.0-p643/lib/ruby/2.0.0/webrick/httpserver.rb:94:in `run'
  /home/hustmaroon/.rvm/rubies/ruby-2.0.0-p643/lib/ruby/2.0.0/webrick/server.rb:295:in `block in start_thread'


  Rendered /home/hustmaroon/.rvm/gems/ruby-2.0.0-p643/gems/web-console-2.0.0/lib/action_dispatch/templates/rescues/_trace.html.erb (1.4ms)
  Rendered /home/hustmaroon/.rvm/gems/ruby-2.0.0-p643/gems/web-console-2.0.0/lib/action_dispatch/templates/routes/_route.html.erb (1.3ms)
  Rendered /home/hustmaroon/.rvm/gems/ruby-2.0.0-p643/gems/web-console-2.0.0/lib/action_dispatch/templates/routes/_table.html.erb (5.1ms)
  Rendered /home/hustmaroon/.rvm/gems/ruby-2.0.0-p643/gems/web-console-2.0.0/lib/action_dispatch/templates/rescues/_request_and_response.html.erb (1.0ms)
  Rendered /home/hustmaroon/.rvm/gems/ruby-2.0.0-p643/gems/web-console-2.0.0/lib/action_dispatch/templates/rescues/_web_console.html.erb (0.7ms)
  Rendered /home/hustmaroon/.rvm/gems/ruby-2.0.0-p643/gems/web-console-2.0.0/lib/action_dispatch/templates/rescues/routing_error.html.erb within rescues/layout (28.6ms)


Started GET "/users" for 127.0.0.1 at 2015-10-10 13:25:00 +0700
Processing by UsersController#index as HTML
  [1m[35mUser Load (0.2ms)[0m  SELECT "users".* FROM "users"
  Rendered users/index.html.erb within layouts/application (2.6ms)
Completed 200 OK in 1195ms (Views: 1192.1ms | ActiveRecord: 0.3ms)


Started GET "/assets/scaffolds.self-701aa02df646d8230a98062ae93855b3ab84362b71033f2d8bd9fb2224a7e8dd.css?body=1" for 127.0.0.1 at 2015-10-10 13:25:02 +0700


Started GET "/assets/users.self-e3b0c44298fc1c149afbf4c8996fb92427ae41e4649b934ca495991b7852b855.css?body=1" for 127.0.0.1 at 2015-10-10 13:25:02 +0700


Started GET "/assets/jquery_ujs.self-8e98a7a072a6cee1372d19fff9ff3e6aa1e39a37d89d6f06861637d061113ee7.js?body=1" for 127.0.0.1 at 2015-10-10 13:25:02 +0700


Started GET "/assets/jquery.self-d03a5518f45df77341bdbe6201ba3bfa547ebba8ed64f0ea56bfa5f96ea7c074.js?body=1" for 127.0.0.1 at 2015-10-10 13:25:02 +0700


Started GET "/assets/application.self-e80e8f2318043e8af94dddc2adad5a4f09739a8ebb323b3ab31cd71d45fd9113.css?body=1" for 127.0.0.1 at 2015-10-10 13:25:02 +0700


Started GET "/assets/turbolinks.self-680e388bf7f759d85e2dbe0044d33f55e12b26da721317111c01ec92e53df55e.js?body=1" for 127.0.0.1 at 2015-10-10 13:25:02 +0700


Started GET "/assets/users.self-877aef30ae1b040ab8a3aba4e3e309a11d7f2612f44dde450b5c157aa5f95c05.js?body=1" for 127.0.0.1 at 2015-10-10 13:25:02 +0700


Started GET "/assets/application.self-3b8dabdc891efe46b9a144b400ad69e37d7e5876bdc39dee783419a69d7ca819.js?body=1" for 127.0.0.1 at 2015-10-10 13:25:02 +0700


Started GET "/users/new" for 127.0.0.1 at 2015-10-10 13:25:07 +0700
Processing by UsersController#new as HTML
  Rendered users/_form.html.erb (60.7ms)
  Rendered users/new.html.erb within layouts/application (63.0ms)
Completed 200 OK in 109ms (Views: 102.9ms | ActiveRecord: 0.3ms)


Started POST "/users" for 127.0.0.1 at 2015-10-10 13:25:20 +0700
Processing by UsersController#create as HTML
  Parameters: {"utf8"=>"✓", "authenticity_token"=>"U/RqYbq7qu/zhw4HnNNubgd+3TlD3APlDYhnAdGIfNyKUspolNli15+nL63bB17HuEr64M9HPzG4pjU373DKNA==", "user"=>{"name"=>"thanh", "mail"=>"thanhbk6294@gmail.com"}, "commit"=>"Create User"}
  [1m[36m (0.2ms)[0m  [1mbegin transaction[0m
  [1m[35mSQL (0.5ms)[0m  INSERT INTO "users" ("name", "mail", "created_at", "updated_at") VALUES (?, ?, ?, ?)  [["name", "thanh"], ["mail", "thanhbk6294@gmail.com"], ["created_at", "2015-10-10 06:25:20.327231"], ["updated_at", "2015-10-10 06:25:20.327231"]]
  [1m[36m (134.5ms)[0m  [1mcommit transaction[0m
Redirected to http://localhost:3000/users/1
Completed 302 Found in 144ms (ActiveRecord: 135.2ms)


Started GET "/users/1" for 127.0.0.1 at 2015-10-10 13:25:20 +0700
Processing by UsersController#show as HTML
  Parameters: {"id"=>"1"}
  [1m[35mUser Load (0.2ms)[0m  SELECT  "users".* FROM "users" WHERE "users"."id" = ? LIMIT 1  [["id", 1]]
  Rendered users/show.html.erb within layouts/application (1.0ms)
Completed 200 OK in 86ms (Views: 27.6ms | ActiveRecord: 0.2ms)


Started GET "/users" for 127.0.0.1 at 2015-10-10 13:25:24 +0700
Processing by UsersController#index as HTML
  [1m[36mUser Load (0.2ms)[0m  [1mSELECT "users".* FROM "users"[0m
  Rendered users/index.html.erb within layouts/application (3.0ms)
Completed 200 OK in 46ms (Views: 44.6ms | ActiveRecord: 0.2ms)


Started GET "/users/1" for 127.0.0.1 at 2015-10-10 13:27:07 +0700
Processing by UsersController#show as HTML
  Parameters: {"id"=>"1"}
  [1m[35mUser Load (0.1ms)[0m  SELECT  "users".* FROM "users" WHERE "users"."id" = ? LIMIT 1  [["id", 1]]
  Rendered users/show.html.erb within layouts/application (0.4ms)
Completed 200 OK in 37ms (Views: 35.7ms | ActiveRecord: 0.1ms)


Started GET "/users/1/edit" for 127.0.0.1 at 2015-10-10 13:32:43 +0700
Processing by UsersController#edit as HTML
  Parameters: {"id"=>"1"}
  [1m[36mUser Load (0.2ms)[0m  [1mSELECT  "users".* FROM "users" WHERE "users"."id" = ? LIMIT 1[0m  [["id", 1]]
  Rendered users/_form.html.erb (2.9ms)
  Rendered users/edit.html.erb within layouts/application (5.8ms)
Completed 200 OK in 45ms (Views: 43.7ms | ActiveRecord: 0.2ms)


Started PATCH "/users/1" for 127.0.0.1 at 2015-10-10 13:32:46 +0700
Processing by UsersController#update as HTML
  Parameters: {"utf8"=>"✓", "authenticity_token"=>"f/av3lm73HP4/Y4tFpCfcm1YfHYag7YJg8RyXSYWXw2mUA/Xd9kUS5Tdr4dRRK/b0mxbr5YYit026iBrGO7p5Q==", "user"=>{"name"=>"thanh", "mail"=>"thanhbk6294@gmail.com"}, "commit"=>"Update User", "id"=>"1"}
  [1m[35mUser Load (0.1ms)[0m  SELECT  "users".* FROM "users" WHERE "users"."id" = ? LIMIT 1  [["id", 1]]
  [1m[36m (0.1ms)[0m  [1mbegin transaction[0m
  [1m[35m (0.1ms)[0m  commit transaction
Redirected to http://localhost:3000/users/1
Completed 302 Found in 3ms (ActiveRecord: 0.2ms)


Started GET "/users/1" for 127.0.0.1 at 2015-10-10 13:32:46 +0700
Processing by UsersController#show as HTML
  Parameters: {"id"=>"1"}
  [1m[36mUser Load (0.1ms)[0m  [1mSELECT  "users".* FROM "users" WHERE "users"."id" = ? LIMIT 1[0m  [["id", 1]]
  Rendered users/show.html.erb within layouts/application (0.3ms)
Completed 200 OK in 27ms (Views: 26.2ms | ActiveRecord: 0.1ms)


Started GET "/users" for 127.0.0.1 at 2015-10-10 13:36:00 +0700
Processing by UsersController#index as HTML
  [1m[35mUser Load (0.2ms)[0m  SELECT "users".* FROM "users"
  Rendered users/index.html.erb within layouts/application (1.6ms)
Completed 200 OK in 35ms (Views: 34.2ms | ActiveRecord: 0.2ms)


Started GET "/users/new" for 127.0.0.1 at 2015-10-10 13:36:02 +0700
Processing by UsersController#new as HTML
  Rendered users/_form.html.erb (4.1ms)
  Rendered users/new.html.erb within layouts/application (7.1ms)
Completed 200 OK in 61ms (Views: 59.3ms | ActiveRecord: 0.0ms)


Started POST "/users" for 127.0.0.1 at 2015-10-10 13:36:14 +0700
Processing by UsersController#create as HTML
  Parameters: {"utf8"=>"✓", "authenticity_token"=>"xhciAMVZwussqSnzHy2DWf08EfQ3Ch/ebnCAuWnQxtkfsYIJ6zsK00CJCFlY+bPwQgg2LbuRIwrbXtKPVyhwMQ==", "user"=>{"name"=>"tung", "mail"=>"tranduytung1994@gmail.com"}, "commit"=>"Create User"}
  [1m[36m (0.2ms)[0m  [1mbegin transaction[0m
  [1m[35mSQL (0.4ms)[0m  INSERT INTO "users" ("name", "mail", "created_at", "updated_at") VALUES (?, ?, ?, ?)  [["name", "tung"], ["mail", "tranduytung1994@gmail.com"], ["created_at", "2015-10-10 06:36:14.899724"], ["updated_at", "2015-10-10 06:36:14.899724"]]
  [1m[36m (161.6ms)[0m  [1mcommit transaction[0m
Redirected to http://localhost:3000/users/2
Completed 302 Found in 169ms (ActiveRecord: 162.2ms)


Started GET "/users/2" for 127.0.0.1 at 2015-10-10 13:36:15 +0700
Processing by UsersController#show as HTML
  Parameters: {"id"=>"2"}
  [1m[35mUser Load (0.1ms)[0m  SELECT  "users".* FROM "users" WHERE "users"."id" = ? LIMIT 1  [["id", 2]]
  Rendered users/show.html.erb within layouts/application (0.5ms)
Completed 200 OK in 40ms (Views: 39.0ms | ActiveRecord: 0.1ms)


Started GET "/users" for 127.0.0.1 at 2015-10-10 13:36:19 +0700
Processing by UsersController#index as HTML
  [1m[36mUser Load (0.2ms)[0m  [1mSELECT "users".* FROM "users"[0m
  Rendered users/index.html.erb within layouts/application (1.9ms)
Completed 200 OK in 35ms (Views: 34.0ms | ActiveRecord: 0.2ms)


Started GET "/" for 127.0.0.1 at 2015-10-10 14:03:02 +0700

ActionController::RoutingError (uninitialized constant IndexController):
  activesupport (4.2.2) lib/active_support/inflector/methods.rb:261:in `const_get'
  activesupport (4.2.2) lib/active_support/inflector/methods.rb:261:in `block in constantize'
  activesupport (4.2.2) lib/active_support/inflector/methods.rb:259:in `each'
  activesupport (4.2.2) lib/active_support/inflector/methods.rb:259:in `inject'
  activesupport (4.2.2) lib/active_support/inflector/methods.rb:259:in `constantize'
  actionpack (4.2.2) lib/action_dispatch/routing/route_set.rb:70:in `controller_reference'
  actionpack (4.2.2) lib/action_dispatch/routing/route_set.rb:60:in `controller'
  actionpack (4.2.2) lib/action_dispatch/routing/route_set.rb:39:in `serve'
  actionpack (4.2.2) lib/action_dispatch/journey/router.rb:43:in `block in serve'
  actionpack (4.2.2) lib/action_dispatch/journey/router.rb:30:in `each'
  actionpack (4.2.2) lib/action_dispatch/journey/router.rb:30:in `serve'
  actionpack (4.2.2) lib/action_dispatch/routing/route_set.rb:819:in `call'
  rack (1.6.4) lib/rack/etag.rb:24:in `call'
  rack (1.6.4) lib/rack/conditionalget.rb:25:in `call'
  rack (1.6.4) lib/rack/head.rb:13:in `call'
  actionpack (4.2.2) lib/action_dispatch/middleware/params_parser.rb:27:in `call'
  actionpack (4.2.2) lib/action_dispatch/middleware/flash.rb:260:in `call'
  rack (1.6.4) lib/rack/session/abstract/id.rb:225:in `context'
  rack (1.6.4) lib/rack/session/abstract/id.rb:220:in `call'
  actionpack (4.2.2) lib/action_dispatch/middleware/cookies.rb:560:in `call'
  activerecord (4.2.2) lib/active_record/query_cache.rb:36:in `call'
  activerecord (4.2.2) lib/active_record/connection_adapters/abstract/connection_pool.rb:649:in `call'
  activerecord (4.2.2) lib/active_record/migration.rb:378:in `call'
  actionpack (4.2.2) lib/action_dispatch/middleware/callbacks.rb:29:in `block in call'
  activesupport (4.2.2) lib/active_support/callbacks.rb:88:in `call'
  activesupport (4.2.2) lib/active_support/callbacks.rb:88:in `_run_callbacks'
  activesupport (4.2.2) lib/active_support/callbacks.rb:776:in `_run_call_callbacks'
  activesupport (4.2.2) lib/active_support/callbacks.rb:81:in `run_callbacks'
  actionpack (4.2.2) lib/action_dispatch/middleware/callbacks.rb:27:in `call'
  actionpack (4.2.2) lib/action_dispatch/middleware/reloader.rb:73:in `call'
  actionpack (4.2.2) lib/action_dispatch/middleware/remote_ip.rb:78:in `call'
  web-console (2.0.0) lib/action_dispatch/debug_exceptions.rb:18:in `middleware_call'
  web-console (2.0.0) lib/action_dispatch/debug_exceptions.rb:13:in `call'
  actionpack (4.2.2) lib/action_dispatch/middleware/show_exceptions.rb:30:in `call'
  railties (4.2.2) lib/rails/rack/logger.rb:38:in `call_app'
  railties (4.2.2) lib/rails/rack/logger.rb:20:in `block in call'
  activesupport (4.2.2) lib/active_support/tagged_logging.rb:68:in `block in tagged'
  activesupport (4.2.2) lib/active_support/tagged_logging.rb:26:in `tagged'
  activesupport (4.2.2) lib/active_support/tagged_logging.rb:68:in `tagged'
  railties (4.2.2) lib/rails/rack/logger.rb:20:in `call'
  actionpack (4.2.2) lib/action_dispatch/middleware/request_id.rb:21:in `call'
  rack (1.6.4) lib/rack/methodoverride.rb:22:in `call'
  rack (1.6.4) lib/rack/runtime.rb:18:in `call'
  activesupport (4.2.2) lib/active_support/cache/strategy/local_cache_middleware.rb:28:in `call'
  rack (1.6.4) lib/rack/lock.rb:17:in `call'
  actionpack (4.2.2) lib/action_dispatch/middleware/static.rb:113:in `call'
  rack (1.6.4) lib/rack/sendfile.rb:113:in `call'
  railties (4.2.2) lib/rails/engine.rb:518:in `call'
  railties (4.2.2) lib/rails/application.rb:164:in `call'
  rack (1.6.4) lib/rack/lock.rb:17:in `call'
  rack (1.6.4) lib/rack/content_length.rb:15:in `call'
  rack (1.6.4) lib/rack/handler/webrick.rb:88:in `service'
  /home/hustmaroon/.rvm/rubies/ruby-2.0.0-p643/lib/ruby/2.0.0/webrick/httpserver.rb:138:in `service'
  /home/hustmaroon/.rvm/rubies/ruby-2.0.0-p643/lib/ruby/2.0.0/webrick/httpserver.rb:94:in `run'
  /home/hustmaroon/.rvm/rubies/ruby-2.0.0-p643/lib/ruby/2.0.0/webrick/server.rb:295:in `block in start_thread'


  Rendered /home/hustmaroon/.rvm/gems/ruby-2.0.0-p643/gems/web-console-2.0.0/lib/action_dispatch/templates/rescues/_trace.html.erb (1.5ms)
  Rendered /home/hustmaroon/.rvm/gems/ruby-2.0.0-p643/gems/web-console-2.0.0/lib/action_dispatch/templates/routes/_route.html.erb (0.9ms)
  Rendered /home/hustmaroon/.rvm/gems/ruby-2.0.0-p643/gems/web-console-2.0.0/lib/action_dispatch/templates/routes/_table.html.erb (1.1ms)
  Rendered /home/hustmaroon/.rvm/gems/ruby-2.0.0-p643/gems/web-console-2.0.0/lib/action_dispatch/templates/rescues/_request_and_response.html.erb (1.0ms)
  Rendered /home/hustmaroon/.rvm/gems/ruby-2.0.0-p643/gems/web-console-2.0.0/lib/action_dispatch/templates/rescues/_web_console.html.erb (0.8ms)
  Rendered /home/hustmaroon/.rvm/gems/ruby-2.0.0-p643/gems/web-console-2.0.0/lib/action_dispatch/templates/rescues/routing_error.html.erb within rescues/layout (26.4ms)


Started GET "/" for 127.0.0.1 at 2015-10-10 14:03:24 +0700
  [1m[36mActiveRecord::SchemaMigration Load (0.1ms)[0m  [1mSELECT "schema_migrations".* FROM "schema_migrations"[0m

ActionController::RoutingError (uninitialized constant IndexController):
  activesupport (4.2.2) lib/active_support/inflector/methods.rb:261:in `const_get'
  activesupport (4.2.2) lib/active_support/inflector/methods.rb:261:in `block in constantize'
  activesupport (4.2.2) lib/active_support/inflector/methods.rb:259:in `each'
  activesupport (4.2.2) lib/active_support/inflector/methods.rb:259:in `inject'
  activesupport (4.2.2) lib/active_support/inflector/methods.rb:259:in `constantize'
  actionpack (4.2.2) lib/action_dispatch/routing/route_set.rb:70:in `controller_reference'
  actionpack (4.2.2) lib/action_dispatch/routing/route_set.rb:60:in `controller'
  actionpack (4.2.2) lib/action_dispatch/routing/route_set.rb:39:in `serve'
  actionpack (4.2.2) lib/action_dispatch/journey/router.rb:43:in `block in serve'
  actionpack (4.2.2) lib/action_dispatch/journey/router.rb:30:in `each'
  actionpack (4.2.2) lib/action_dispatch/journey/router.rb:30:in `serve'
  actionpack (4.2.2) lib/action_dispatch/routing/route_set.rb:819:in `call'
  rack (1.6.4) lib/rack/etag.rb:24:in `call'
  rack (1.6.4) lib/rack/conditionalget.rb:25:in `call'
  rack (1.6.4) lib/rack/head.rb:13:in `call'
  actionpack (4.2.2) lib/action_dispatch/middleware/params_parser.rb:27:in `call'
  actionpack (4.2.2) lib/action_dispatch/middleware/flash.rb:260:in `call'
  rack (1.6.4) lib/rack/session/abstract/id.rb:225:in `context'
  rack (1.6.4) lib/rack/session/abstract/id.rb:220:in `call'
  actionpack (4.2.2) lib/action_dispatch/middleware/cookies.rb:560:in `call'
  activerecord (4.2.2) lib/active_record/query_cache.rb:36:in `call'
  activerecord (4.2.2) lib/active_record/connection_adapters/abstract/connection_pool.rb:649:in `call'
  activerecord (4.2.2) lib/active_record/migration.rb:378:in `call'
  actionpack (4.2.2) lib/action_dispatch/middleware/callbacks.rb:29:in `block in call'
  activesupport (4.2.2) lib/active_support/callbacks.rb:88:in `call'
  activesupport (4.2.2) lib/active_support/callbacks.rb:88:in `_run_callbacks'
  activesupport (4.2.2) lib/active_support/callbacks.rb:776:in `_run_call_callbacks'
  activesupport (4.2.2) lib/active_support/callbacks.rb:81:in `run_callbacks'
  actionpack (4.2.2) lib/action_dispatch/middleware/callbacks.rb:27:in `call'
  actionpack (4.2.2) lib/action_dispatch/middleware/reloader.rb:73:in `call'
  actionpack (4.2.2) lib/action_dispatch/middleware/remote_ip.rb:78:in `call'
  web-console (2.0.0) lib/action_dispatch/debug_exceptions.rb:18:in `middleware_call'
  web-console (2.0.0) lib/action_dispatch/debug_exceptions.rb:13:in `call'
  actionpack (4.2.2) lib/action_dispatch/middleware/show_exceptions.rb:30:in `call'
  railties (4.2.2) lib/rails/rack/logger.rb:38:in `call_app'
  railties (4.2.2) lib/rails/rack/logger.rb:20:in `block in call'
  activesupport (4.2.2) lib/active_support/tagged_logging.rb:68:in `block in tagged'
  activesupport (4.2.2) lib/active_support/tagged_logging.rb:26:in `tagged'
  activesupport (4.2.2) lib/active_support/tagged_logging.rb:68:in `tagged'
  railties (4.2.2) lib/rails/rack/logger.rb:20:in `call'
  actionpack (4.2.2) lib/action_dispatch/middleware/request_id.rb:21:in `call'
  rack (1.6.4) lib/rack/methodoverride.rb:22:in `call'
  rack (1.6.4) lib/rack/runtime.rb:18:in `call'
  activesupport (4.2.2) lib/active_support/cache/strategy/local_cache_middleware.rb:28:in `call'
  rack (1.6.4) lib/rack/lock.rb:17:in `call'
  actionpack (4.2.2) lib/action_dispatch/middleware/static.rb:113:in `call'
  rack (1.6.4) lib/rack/sendfile.rb:113:in `call'
  railties (4.2.2) lib/rails/engine.rb:518:in `call'
  railties (4.2.2) lib/rails/application.rb:164:in `call'
  rack (1.6.4) lib/rack/lock.rb:17:in `call'
  rack (1.6.4) lib/rack/content_length.rb:15:in `call'
  rack (1.6.4) lib/rack/handler/webrick.rb:88:in `service'
  /home/hustmaroon/.rvm/rubies/ruby-2.0.0-p643/lib/ruby/2.0.0/webrick/httpserver.rb:138:in `service'
  /home/hustmaroon/.rvm/rubies/ruby-2.0.0-p643/lib/ruby/2.0.0/webrick/httpserver.rb:94:in `run'
  /home/hustmaroon/.rvm/rubies/ruby-2.0.0-p643/lib/ruby/2.0.0/webrick/server.rb:295:in `block in start_thread'


  Rendered /home/hustmaroon/.rvm/gems/ruby-2.0.0-p643/gems/web-console-2.0.0/lib/action_dispatch/templates/rescues/_trace.html.erb (1.8ms)
  Rendered /home/hustmaroon/.rvm/gems/ruby-2.0.0-p643/gems/web-console-2.0.0/lib/action_dispatch/templates/routes/_route.html.erb (0.9ms)
  Rendered /home/hustmaroon/.rvm/gems/ruby-2.0.0-p643/gems/web-console-2.0.0/lib/action_dispatch/templates/routes/_table.html.erb (4.8ms)
  Rendered /home/hustmaroon/.rvm/gems/ruby-2.0.0-p643/gems/web-console-2.0.0/lib/action_dispatch/templates/rescues/_request_and_response.html.erb (8.7ms)
  Rendered /home/hustmaroon/.rvm/gems/ruby-2.0.0-p643/gems/web-console-2.0.0/lib/action_dispatch/templates/rescues/_web_console.html.erb (0.8ms)
  Rendered /home/hustmaroon/.rvm/gems/ruby-2.0.0-p643/gems/web-console-2.0.0/lib/action_dispatch/templates/rescues/routing_error.html.erb within rescues/layout (75.9ms)


Started GET "/" for 127.0.0.1 at 2015-10-10 14:03:55 +0700
Processing by UsersController#index as HTML
  [1m[35mUser Load (0.3ms)[0m  SELECT "users".* FROM "users"
  Rendered users/index.html.erb within layouts/application (7.2ms)
Completed 200 OK in 262ms (Views: 258.7ms | ActiveRecord: 0.5ms)
  [1m[36mActiveRecord::SchemaMigration Load (0.1ms)[0m  [1mSELECT "schema_migrations".* FROM "schema_migrations"[0m
Migrating to CreateMicroposts (20151010084900)
  [1m[35m (0.1ms)[0m  begin transaction
  [1m[36m (0.3ms)[0m  [1mCREATE TABLE "microposts" ("id" INTEGER PRIMARY KEY AUTOINCREMENT NOT NULL, "content" text, "user_id" integer, "created_at" datetime NOT NULL, "updated_at" datetime NOT NULL) [0m
  [1m[35mSQL (0.1ms)[0m  INSERT INTO "schema_migrations" ("version") VALUES (?)  [["version", "20151010084900"]]
  [1m[36m (130.2ms)[0m  [1mcommit transaction[0m
  [1m[35mActiveRecord::SchemaMigration Load (0.1ms)[0m  SELECT "schema_migrations".* FROM "schema_migrations"


Started GET "/microposts" for 127.0.0.1 at 2015-10-10 15:50:51 +0700
  [1m[36mActiveRecord::SchemaMigration Load (0.1ms)[0m  [1mSELECT "schema_migrations".* FROM "schema_migrations"[0m
Processing by MicropostsController#index as HTML
  [1m[35mMicropost Load (0.2ms)[0m  SELECT "microposts".* FROM "microposts"
  Rendered microposts/index.html.erb within layouts/application (2.6ms)
Completed 200 OK in 372ms (Views: 362.4ms | ActiveRecord: 0.2ms)


Started GET "/assets/microposts.self-e3b0c44298fc1c149afbf4c8996fb92427ae41e4649b934ca495991b7852b855.css?body=1" for 127.0.0.1 at 2015-10-10 15:50:52 +0700


Started GET "/assets/microposts.self-877aef30ae1b040ab8a3aba4e3e309a11d7f2612f44dde450b5c157aa5f95c05.js?body=1" for 127.0.0.1 at 2015-10-10 15:50:52 +0700


Started GET "/microposts/new" for 127.0.0.1 at 2015-10-10 15:50:58 +0700
Processing by MicropostsController#new as HTML
  Rendered microposts/_form.html.erb (24.7ms)
  Rendered microposts/new.html.erb within layouts/application (31.0ms)
Completed 200 OK in 98ms (Views: 83.2ms | ActiveRecord: 0.6ms)


Started POST "/microposts" for 127.0.0.1 at 2015-10-10 15:51:22 +0700
Processing by MicropostsController#create as HTML
  Parameters: {"utf8"=>"✓", "authenticity_token"=>"NG43ldQ5rco0X735rxju8zLvNuR/UWqlbUw2juQY+yrtyJec+ltl8lh/nFPozN5ajdsRPfPKVnHYYmS42uBNwg==", "micropost"=>{"content"=>"this is a new post", "user_id"=>"1"}, "commit"=>"Create Micropost"}
  [1m[36m (0.1ms)[0m  [1mbegin transaction[0m
  [1m[35mSQL (0.4ms)[0m  INSERT INTO "microposts" ("content", "user_id", "created_at", "updated_at") VALUES (?, ?, ?, ?)  [["content", "this is a new post"], ["user_id", 1], ["created_at", "2015-10-10 08:51:22.679111"], ["updated_at", "2015-10-10 08:51:22.679111"]]
  [1m[36m (117.5ms)[0m  [1mcommit transaction[0m
Redirected to http://localhost:3000/microposts/1
Completed 302 Found in 128ms (ActiveRecord: 117.9ms)


Started GET "/microposts/1" for 127.0.0.1 at 2015-10-10 15:51:22 +0700
Processing by MicropostsController#show as HTML
  Parameters: {"id"=>"1"}
  [1m[35mMicropost Load (0.2ms)[0m  SELECT  "microposts".* FROM "microposts" WHERE "microposts"."id" = ? LIMIT 1  [["id", 1]]
  Rendered microposts/show.html.erb within layouts/application (1.1ms)
Completed 200 OK in 49ms (Views: 41.7ms | ActiveRecord: 0.2ms)


Started GET "/users" for 127.0.0.1 at 2015-10-10 15:51:37 +0700
Processing by UsersController#index as HTML
  [1m[36mUser Load (0.3ms)[0m  [1mSELECT "users".* FROM "users"[0m
  Rendered users/index.html.erb within layouts/application (8.8ms)
Completed 200 OK in 100ms (Views: 97.6ms | ActiveRecord: 0.5ms)


Started GET "/microposts" for 127.0.0.1 at 2015-10-10 15:51:45 +0700
Processing by MicropostsController#index as HTML
  [1m[35mMicropost Load (0.2ms)[0m  SELECT "microposts".* FROM "microposts"
  Rendered microposts/index.html.erb within layouts/application (2.1ms)
Completed 200 OK in 45ms (Views: 44.0ms | ActiveRecord: 0.2ms)


Started GET "/microposts/new" for 127.0.0.1 at 2015-10-10 15:58:55 +0700
Processing by MicropostsController#new as HTML
  Rendered microposts/_form.html.erb (2.6ms)
  Rendered microposts/new.html.erb within layouts/application (4.0ms)
Completed 200 OK in 57ms (Views: 47.8ms | ActiveRecord: 0.7ms)


Started POST "/microposts" for 127.0.0.1 at 2015-10-10 15:59:25 +0700
Processing by MicropostsController#create as HTML
  Parameters: {"utf8"=>"✓", "authenticity_token"=>"6WfTn86YTIV8aEdxvLC3NwG5NTeTbcVQl/DKpFAIz00wwXOW4PqEvRBIZtv7ZIeevo0S7h/2+YQi3piSbvB5pQ==", "micropost"=>{"content"=>"qwefjvnvjklvnfvjfljvjklvnjklvnfljvnljvnjkvnfjnvejkvnejnvjklfnvekjnvlekvnevenvevnejknvjknlnlkjnjnjjeufhuhihpshp[OUHPSJNKJVDJKVJKVJJKLjnvjbvnvmcbvb vjkvbkljrkjgkfkkdkdkdkjdjfdkkvdvfjvbfkjbvbvejhbjehbvjebvejbnmbvnmdvdmnfbvdfbvdmnbvdmbvdmfnbvmdbvmdbvmdv", "user_id"=>"1"}, "commit"=>"Create Micropost"}
  [1m[36m (0.1ms)[0m  [1mbegin transaction[0m
  [1m[35m (0.1ms)[0m  rollback transaction
  Rendered microposts/_form.html.erb (3.5ms)
  Rendered microposts/new.html.erb within layouts/application (5.8ms)
Completed 200 OK in 48ms (Views: 41.0ms | ActiveRecord: 0.2ms)


Started POST "/microposts" for 127.0.0.1 at 2015-10-10 15:59:37 +0700
Processing by MicropostsController#create as HTML
  Parameters: {"utf8"=>"✓", "authenticity_token"=>"TX4VFPkWa30Zl5fkP+zMy7sf2IalHzy1fC9DnluktSyU2LUd13SjRXW3tk54OPxiBCv/XymEAGHJARGoZVwDxA==", "micropost"=>{"content"=>"fsociety", "user_id"=>"1"}, "commit"=>"Create Micropost"}
  [1m[36m (0.1ms)[0m  [1mbegin transaction[0m
  [1m[35mSQL (0.2ms)[0m  INSERT INTO "microposts" ("content", "user_id", "created_at", "updated_at") VALUES (?, ?, ?, ?)  [["content", "fsociety"], ["user_id", 1], ["created_at", "2015-10-10 08:59:37.223166"], ["updated_at", "2015-10-10 08:59:37.223166"]]
  [1m[36m (104.1ms)[0m  [1mcommit transaction[0m
Redirected to http://localhost:3000/microposts/2
Completed 302 Found in 108ms (ActiveRecord: 104.4ms)


Started GET "/microposts/2" for 127.0.0.1 at 2015-10-10 15:59:37 +0700
Processing by MicropostsController#show as HTML
  Parameters: {"id"=>"2"}
  [1m[35mMicropost Load (0.3ms)[0m  SELECT  "microposts".* FROM "microposts" WHERE "microposts"."id" = ? LIMIT 1  [["id", 2]]
  Rendered microposts/show.html.erb within layouts/application (0.5ms)
Completed 200 OK in 48ms (Views: 45.3ms | ActiveRecord: 0.3ms)


Started GET "/microposts" for 127.0.0.1 at 2015-10-10 15:59:44 +0700
Processing by MicropostsController#index as HTML
  [1m[36mMicropost Load (0.3ms)[0m  [1mSELECT "microposts".* FROM "microposts"[0m
  Rendered microposts/index.html.erb within layouts/application (2.4ms)
Completed 200 OK in 43ms (Views: 41.7ms | ActiveRecord: 0.3ms)
  [1m[36mUser Load (0.2ms)[0m  [1mSELECT  "users".* FROM "users"  ORDER BY "users"."id" ASC LIMIT 1[0m
  [1m[35mMicropost Load (0.3ms)[0m  SELECT "microposts".* FROM "microposts" WHERE "microposts"."user_id" = ?  [["user_id", 1]]


Started GET "/" for 127.0.0.1 at 2015-10-10 16:26:07 +0700
  [1m[36mActiveRecord::SchemaMigration Load (0.1ms)[0m  [1mSELECT "schema_migrations".* FROM "schema_migrations"[0m
Processing by UsersController#index as HTML
Completed 500 Internal Server Error in 12ms (ActiveRecord: 0.0ms)

NameError (uninitialized constant User::FILL_IN):
  app/models/user.rb:3:in `<class:User>'
  app/models/user.rb:1:in `<top (required)>'
  app/controllers/users_controller.rb:7:in `index'


  Rendered /home/hustmaroon/.rvm/gems/ruby-2.0.0-p643/gems/web-console-2.0.0/lib/action_dispatch/templates/rescues/_source.erb (5.2ms)
  Rendered /home/hustmaroon/.rvm/gems/ruby-2.0.0-p643/gems/web-console-2.0.0/lib/action_dispatch/templates/rescues/_trace.html.erb (2.0ms)
  Rendered /home/hustmaroon/.rvm/gems/ruby-2.0.0-p643/gems/web-console-2.0.0/lib/action_dispatch/templates/rescues/_request_and_response.html.erb (0.9ms)
  Rendered /home/hustmaroon/.rvm/gems/ruby-2.0.0-p643/gems/web-console-2.0.0/lib/action_dispatch/templates/rescues/_web_console.html.erb (0.8ms)
  Rendered /home/hustmaroon/.rvm/gems/ruby-2.0.0-p643/gems/web-console-2.0.0/lib/action_dispatch/templates/rescues/diagnostics.html.erb within rescues/layout (21.0ms)


Started GET "/" for 127.0.0.1 at 2015-10-10 16:27:29 +0700
Processing by UsersController#index as HTML
Completed 500 Internal Server Error in 51ms (ActiveRecord: 0.0ms)

NameError (uninitialized constant User::FILL_IN):
  app/models/user.rb:3:in `<class:User>'
  app/models/user.rb:1:in `<top (required)>'
  app/controllers/users_controller.rb:7:in `index'


  Rendered /home/hustmaroon/.rvm/gems/ruby-2.0.0-p643/gems/web-console-2.0.0/lib/action_dispatch/templates/rescues/_source.erb (45.9ms)
  Rendered /home/hustmaroon/.rvm/gems/ruby-2.0.0-p643/gems/web-console-2.0.0/lib/action_dispatch/templates/rescues/_trace.html.erb (2.1ms)
  Rendered /home/hustmaroon/.rvm/gems/ruby-2.0.0-p643/gems/web-console-2.0.0/lib/action_dispatch/templates/rescues/_request_and_response.html.erb (0.8ms)
  Rendered /home/hustmaroon/.rvm/gems/ruby-2.0.0-p643/gems/web-console-2.0.0/lib/action_dispatch/templates/rescues/_web_console.html.erb (1.0ms)
  Rendered /home/hustmaroon/.rvm/gems/ruby-2.0.0-p643/gems/web-console-2.0.0/lib/action_dispatch/templates/rescues/diagnostics.html.erb within rescues/layout (60.9ms)
  [1m[36mActiveRecord::SchemaMigration Load (0.1ms)[0m  [1mSELECT "schema_migrations".* FROM "schema_migrations"[0m
  [1m[35mActiveRecord::SchemaMigration Load (0.1ms)[0m  SELECT "schema_migrations".* FROM "schema_migrations"


Started GET "/" for 127.0.0.1 at 2015-10-10 16:28:35 +0700
  [1m[36mActiveRecord::SchemaMigration Load (0.1ms)[0m  [1mSELECT "schema_migrations".* FROM "schema_migrations"[0m
Processing by UsersController#index as HTML
Completed 500 Internal Server Error in 11ms (ActiveRecord: 0.0ms)

NameError (uninitialized constant User::FILL_IN):
  app/models/user.rb:3:in `<class:User>'
  app/models/user.rb:1:in `<top (required)>'
  app/controllers/users_controller.rb:7:in `index'


  Rendered /home/hustmaroon/.rvm/gems/ruby-2.0.0-p643/gems/web-console-2.0.0/lib/action_dispatch/templates/rescues/_source.erb (4.7ms)
  Rendered /home/hustmaroon/.rvm/gems/ruby-2.0.0-p643/gems/web-console-2.0.0/lib/action_dispatch/templates/rescues/_trace.html.erb (1.9ms)
  Rendered /home/hustmaroon/.rvm/gems/ruby-2.0.0-p643/gems/web-console-2.0.0/lib/action_dispatch/templates/rescues/_request_and_response.html.erb (0.7ms)
  Rendered /home/hustmaroon/.rvm/gems/ruby-2.0.0-p643/gems/web-console-2.0.0/lib/action_dispatch/templates/rescues/_web_console.html.erb (0.7ms)
  Rendered /home/hustmaroon/.rvm/gems/ruby-2.0.0-p643/gems/web-console-2.0.0/lib/action_dispatch/templates/rescues/diagnostics.html.erb within rescues/layout (19.3ms)


Started GET "/microposts" for 127.0.0.1 at 2015-10-10 16:29:12 +0700
Processing by MicropostsController#index as HTML
Completed 500 Internal Server Error in 6ms (ActiveRecord: 0.0ms)

ArgumentError (wrong number of arguments (1 for 0)):
  app/models/micropost.rb:4:in `<class:Micropost>'
  app/models/micropost.rb:1:in `<top (required)>'
  app/controllers/microposts_controller.rb:7:in `index'


  Rendered /home/hustmaroon/.rvm/gems/ruby-2.0.0-p643/gems/web-console-2.0.0/lib/action_dispatch/templates/rescues/_source.erb (5.6ms)
  Rendered /home/hustmaroon/.rvm/gems/ruby-2.0.0-p643/gems/web-console-2.0.0/lib/action_dispatch/templates/rescues/_trace.html.erb (2.1ms)
  Rendered /home/hustmaroon/.rvm/gems/ruby-2.0.0-p643/gems/web-console-2.0.0/lib/action_dispatch/templates/rescues/_request_and_response.html.erb (0.8ms)
  Rendered /home/hustmaroon/.rvm/gems/ruby-2.0.0-p643/gems/web-console-2.0.0/lib/action_dispatch/templates/rescues/_web_console.html.erb (1.0ms)
  Rendered /home/hustmaroon/.rvm/gems/ruby-2.0.0-p643/gems/web-console-2.0.0/lib/action_dispatch/templates/rescues/diagnostics.html.erb within rescues/layout (20.6ms)


Started GET "/microposts" for 127.0.0.1 at 2015-10-10 16:30:00 +0700
Processing by MicropostsController#index as HTML
Completed 500 Internal Server Error in 4ms (ActiveRecord: 0.0ms)

ArgumentError (wrong number of arguments (1 for 0)):
  app/models/micropost.rb:4:in `<class:Micropost>'
  app/models/micropost.rb:1:in `<top (required)>'
  app/controllers/microposts_controller.rb:7:in `index'


  Rendered /home/hustmaroon/.rvm/gems/ruby-2.0.0-p643/gems/web-console-2.0.0/lib/action_dispatch/templates/rescues/_source.erb (5.3ms)
  Rendered /home/hustmaroon/.rvm/gems/ruby-2.0.0-p643/gems/web-console-2.0.0/lib/action_dispatch/templates/rescues/_trace.html.erb (2.2ms)
  Rendered /home/hustmaroon/.rvm/gems/ruby-2.0.0-p643/gems/web-console-2.0.0/lib/action_dispatch/templates/rescues/_request_and_response.html.erb (0.8ms)
  Rendered /home/hustmaroon/.rvm/gems/ruby-2.0.0-p643/gems/web-console-2.0.0/lib/action_dispatch/templates/rescues/_web_console.html.erb (0.8ms)
  Rendered /home/hustmaroon/.rvm/gems/ruby-2.0.0-p643/gems/web-console-2.0.0/lib/action_dispatch/templates/rescues/diagnostics.html.erb within rescues/layout (20.1ms)


Started GET "/microposts/new" for 127.0.0.1 at 2015-10-10 16:32:13 +0700
Processing by MicropostsController#new as HTML
Completed 500 Internal Server Error in 9ms (ActiveRecord: 0.0ms)

ArgumentError (wrong number of arguments (1 for 0)):
  app/models/micropost.rb:4:in `<class:Micropost>'
  app/models/micropost.rb:1:in `<top (required)>'
  app/controllers/microposts_controller.rb:17:in `new'


  Rendered /home/hustmaroon/.rvm/gems/ruby-2.0.0-p643/gems/web-console-2.0.0/lib/action_dispatch/templates/rescues/_source.erb (5.3ms)
  Rendered /home/hustmaroon/.rvm/gems/ruby-2.0.0-p643/gems/web-console-2.0.0/lib/action_dispatch/templates/rescues/_trace.html.erb (2.4ms)
  Rendered /home/hustmaroon/.rvm/gems/ruby-2.0.0-p643/gems/web-console-2.0.0/lib/action_dispatch/templates/rescues/_request_and_response.html.erb (0.7ms)
  Rendered /home/hustmaroon/.rvm/gems/ruby-2.0.0-p643/gems/web-console-2.0.0/lib/action_dispatch/templates/rescues/_web_console.html.erb (0.7ms)
  Rendered /home/hustmaroon/.rvm/gems/ruby-2.0.0-p643/gems/web-console-2.0.0/lib/action_dispatch/templates/rescues/diagnostics.html.erb within rescues/layout (19.7ms)


Started GET "/microposts/users" for 127.0.0.1 at 2015-10-10 16:34:18 +0700
Processing by MicropostsController#show as HTML
  Parameters: {"id"=>"users"}
Completed 500 Internal Server Error in 2ms (ActiveRecord: 0.0ms)

ArgumentError (wrong number of arguments (1 for 0)):
  app/models/micropost.rb:4:in `<class:Micropost>'
  app/models/micropost.rb:1:in `<top (required)>'
  app/controllers/microposts_controller.rb:67:in `set_micropost'


  Rendered /home/hustmaroon/.rvm/gems/ruby-2.0.0-p643/gems/web-console-2.0.0/lib/action_dispatch/templates/rescues/_source.erb (4.9ms)
  Rendered /home/hustmaroon/.rvm/gems/ruby-2.0.0-p643/gems/web-console-2.0.0/lib/action_dispatch/templates/rescues/_trace.html.erb (2.0ms)
  Rendered /home/hustmaroon/.rvm/gems/ruby-2.0.0-p643/gems/web-console-2.0.0/lib/action_dispatch/templates/rescues/_request_and_response.html.erb (1.0ms)
  Rendered /home/hustmaroon/.rvm/gems/ruby-2.0.0-p643/gems/web-console-2.0.0/lib/action_dispatch/templates/rescues/_web_console.html.erb (0.8ms)
  Rendered /home/hustmaroon/.rvm/gems/ruby-2.0.0-p643/gems/web-console-2.0.0/lib/action_dispatch/templates/rescues/diagnostics.html.erb within rescues/layout (56.4ms)


Started GET "/microposts/users" for 127.0.0.1 at 2015-10-10 16:36:01 +0700
Processing by MicropostsController#show as HTML
  Parameters: {"id"=>"users"}
Completed 500 Internal Server Error in 2ms (ActiveRecord: 0.0ms)

SyntaxError (/home/hustmaroon/Ruby/toy_app/app/models/micropost.rb:4: syntax error, unexpected tSYMBEG, expecting keyword_do or '{' or '('
	validates :content, presence :true
	                              ^):
  app/models/micropost.rb:4: syntax error, unexpected tSYMBEG, expecting keyword_do or '{' or '('
  app/controllers/microposts_controller.rb:67:in `set_micropost'


  Rendered /home/hustmaroon/.rvm/gems/ruby-2.0.0-p643/gems/web-console-2.0.0/lib/action_dispatch/templates/rescues/_source.erb (4.9ms)
  Rendered /home/hustmaroon/.rvm/gems/ruby-2.0.0-p643/gems/web-console-2.0.0/lib/action_dispatch/templates/rescues/_trace.html.erb (1.9ms)
  Rendered /home/hustmaroon/.rvm/gems/ruby-2.0.0-p643/gems/web-console-2.0.0/lib/action_dispatch/templates/rescues/_request_and_response.html.erb (0.7ms)
  Rendered /home/hustmaroon/.rvm/gems/ruby-2.0.0-p643/gems/web-console-2.0.0/lib/action_dispatch/templates/rescues/_web_console.html.erb (0.7ms)
  Rendered /home/hustmaroon/.rvm/gems/ruby-2.0.0-p643/gems/web-console-2.0.0/lib/action_dispatch/templates/rescues/diagnostics.html.erb within rescues/layout (18.8ms)


Started PUT "/microposts/console/repl_sessions/df87bdcc743d5c0648acb3739db2cfc2" for 127.0.0.1 at 2015-10-10 16:36:02 +0700


Started GET "/microposts" for 127.0.0.1 at 2015-10-10 16:36:26 +0700
Processing by MicropostsController#index as HTML
Completed 500 Internal Server Error in 3ms (ActiveRecord: 0.0ms)

SyntaxError (/home/hustmaroon/Ruby/toy_app/app/models/micropost.rb:4: syntax error, unexpected tSYMBEG, expecting keyword_do or '{' or '('
	validates :content, presence :true
	                              ^):
  app/models/micropost.rb:4: syntax error, unexpected tSYMBEG, expecting keyword_do or '{' or '('
  app/controllers/microposts_controller.rb:7:in `index'


  Rendered /home/hustmaroon/.rvm/gems/ruby-2.0.0-p643/gems/web-console-2.0.0/lib/action_dispatch/templates/rescues/_source.erb (5.0ms)
  Rendered /home/hustmaroon/.rvm/gems/ruby-2.0.0-p643/gems/web-console-2.0.0/lib/action_dispatch/templates/rescues/_trace.html.erb (2.3ms)
  Rendered /home/hustmaroon/.rvm/gems/ruby-2.0.0-p643/gems/web-console-2.0.0/lib/action_dispatch/templates/rescues/_request_and_response.html.erb (0.8ms)
  Rendered /home/hustmaroon/.rvm/gems/ruby-2.0.0-p643/gems/web-console-2.0.0/lib/action_dispatch/templates/rescues/_web_console.html.erb (0.8ms)
  Rendered /home/hustmaroon/.rvm/gems/ruby-2.0.0-p643/gems/web-console-2.0.0/lib/action_dispatch/templates/rescues/diagnostics.html.erb within rescues/layout (58.5ms)


Started GET "/microposts" for 127.0.0.1 at 2015-10-10 16:37:50 +0700
Processing by MicropostsController#index as HTML
Completed 500 Internal Server Error in 1ms (ActiveRecord: 0.0ms)

SyntaxError (/home/hustmaroon/Ruby/toy_app/app/models/micropost.rb:4: syntax error, unexpected '}', expecting =>):
  app/models/micropost.rb:4: syntax error, unexpected '}', expecting =>
  app/controllers/microposts_controller.rb:7:in `index'


  Rendered /home/hustmaroon/.rvm/gems/ruby-2.0.0-p643/gems/web-console-2.0.0/lib/action_dispatch/templates/rescues/_source.erb (5.2ms)
  Rendered /home/hustmaroon/.rvm/gems/ruby-2.0.0-p643/gems/web-console-2.0.0/lib/action_dispatch/templates/rescues/_trace.html.erb (2.0ms)
  Rendered /home/hustmaroon/.rvm/gems/ruby-2.0.0-p643/gems/web-console-2.0.0/lib/action_dispatch/templates/rescues/_request_and_response.html.erb (0.7ms)
  Rendered /home/hustmaroon/.rvm/gems/ruby-2.0.0-p643/gems/web-console-2.0.0/lib/action_dispatch/templates/rescues/_web_console.html.erb (0.7ms)
  Rendered /home/hustmaroon/.rvm/gems/ruby-2.0.0-p643/gems/web-console-2.0.0/lib/action_dispatch/templates/rescues/diagnostics.html.erb within rescues/layout (19.4ms)


Started GET "/microposts" for 127.0.0.1 at 2015-10-10 16:38:21 +0700
Processing by MicropostsController#index as HTML
Completed 500 Internal Server Error in 4ms (ActiveRecord: 0.0ms)

ArgumentError (Unknown validator: 'MicropostValidator'):
  app/models/micropost.rb:4:in `<class:Micropost>'
  app/models/micropost.rb:1:in `<top (required)>'
  app/controllers/microposts_controller.rb:7:in `index'


  Rendered /home/hustmaroon/.rvm/gems/ruby-2.0.0-p643/gems/web-console-2.0.0/lib/action_dispatch/templates/rescues/_source.erb (5.4ms)
  Rendered /home/hustmaroon/.rvm/gems/ruby-2.0.0-p643/gems/web-console-2.0.0/lib/action_dispatch/templates/rescues/_trace.html.erb (2.2ms)
  Rendered /home/hustmaroon/.rvm/gems/ruby-2.0.0-p643/gems/web-console-2.0.0/lib/action_dispatch/templates/rescues/_request_and_response.html.erb (0.8ms)
  Rendered /home/hustmaroon/.rvm/gems/ruby-2.0.0-p643/gems/web-console-2.0.0/lib/action_dispatch/templates/rescues/_web_console.html.erb (0.9ms)
  Rendered /home/hustmaroon/.rvm/gems/ruby-2.0.0-p643/gems/web-console-2.0.0/lib/action_dispatch/templates/rescues/diagnostics.html.erb within rescues/layout (20.2ms)


Started GET "/users" for 127.0.0.1 at 2015-10-10 16:38:57 +0700
Processing by UsersController#index as HTML
Completed 500 Internal Server Error in 3ms (ActiveRecord: 0.0ms)

SyntaxError (/home/hustmaroon/Ruby/toy_app/app/models/user.rb:3: syntax error, unexpected tSYMBEG, expecting keyword_do or '{' or '('
	validates :name, presence :true
	                           ^):
  app/models/user.rb:3: syntax error, unexpected tSYMBEG, expecting keyword_do or '{' or '('
  app/controllers/users_controller.rb:7:in `index'


  Rendered /home/hustmaroon/.rvm/gems/ruby-2.0.0-p643/gems/web-console-2.0.0/lib/action_dispatch/templates/rescues/_source.erb (5.9ms)
  Rendered /home/hustmaroon/.rvm/gems/ruby-2.0.0-p643/gems/web-console-2.0.0/lib/action_dispatch/templates/rescues/_trace.html.erb (2.1ms)
  Rendered /home/hustmaroon/.rvm/gems/ruby-2.0.0-p643/gems/web-console-2.0.0/lib/action_dispatch/templates/rescues/_request_and_response.html.erb (0.7ms)
  Rendered /home/hustmaroon/.rvm/gems/ruby-2.0.0-p643/gems/web-console-2.0.0/lib/action_dispatch/templates/rescues/_web_console.html.erb (0.8ms)
  Rendered /home/hustmaroon/.rvm/gems/ruby-2.0.0-p643/gems/web-console-2.0.0/lib/action_dispatch/templates/rescues/diagnostics.html.erb within rescues/layout (20.0ms)


Started GET "/users" for 127.0.0.1 at 2015-10-10 16:39:38 +0700
Processing by UsersController#index as HTML
  [1m[35mUser Load (0.3ms)[0m  SELECT "users".* FROM "users"
  Rendered users/index.html.erb within layouts/application (6.2ms)
Completed 200 OK in 253ms (Views: 249.9ms | ActiveRecord: 0.5ms)


Started GET "/users/new" for 127.0.0.1 at 2015-10-10 16:39:42 +0700
Processing by UsersController#new as HTML
  Rendered users/_form.html.erb (12.1ms)
  Rendered users/new.html.erb within layouts/application (15.0ms)
Completed 200 OK in 48ms (Views: 47.4ms | ActiveRecord: 0.0ms)


Started POST "/users" for 127.0.0.1 at 2015-10-10 16:39:47 +0700
Processing by UsersController#create as HTML
  Parameters: {"utf8"=>"✓", "authenticity_token"=>"WK2af6r710gsTb5m4XzVlcVgR3kBndz7pqbfkHI9AFiBCzp2hJkfcEBtn8ymqOU8elRgoI0G4C8TiI2mTMW2sA==", "user"=>{"name"=>"", "mail"=>""}, "commit"=>"Create User"}
  [1m[36m (0.1ms)[0m  [1mbegin transaction[0m
  [1m[35m (0.1ms)[0m  rollback transaction
  Rendered users/_form.html.erb (3.9ms)
  Rendered users/new.html.erb within layouts/application (5.6ms)
Completed 200 OK in 42ms (Views: 38.6ms | ActiveRecord: 0.2ms)


Started GET "/users" for 127.0.0.1 at 2015-10-10 16:40:00 +0700
Processing by UsersController#index as HTML
Completed 500 Internal Server Error in 2ms (ActiveRecord: 0.0ms)

SyntaxError (/home/hustmaroon/Ruby/toy_app/app/models/user.rb:3: syntax error, unexpected ':', expecting keyword_end
	validates :name, presence : true
	                           ^):
  app/models/user.rb:3: syntax error, unexpected ':', expecting keyword_end
  app/controllers/users_controller.rb:7:in `index'


  Rendered /home/hustmaroon/.rvm/gems/ruby-2.0.0-p643/gems/web-console-2.0.0/lib/action_dispatch/templates/rescues/_source.erb (5.0ms)
  Rendered /home/hustmaroon/.rvm/gems/ruby-2.0.0-p643/gems/web-console-2.0.0/lib/action_dispatch/templates/rescues/_trace.html.erb (2.2ms)
  Rendered /home/hustmaroon/.rvm/gems/ruby-2.0.0-p643/gems/web-console-2.0.0/lib/action_dispatch/templates/rescues/_request_and_response.html.erb (0.8ms)
  Rendered /home/hustmaroon/.rvm/gems/ruby-2.0.0-p643/gems/web-console-2.0.0/lib/action_dispatch/templates/rescues/_web_console.html.erb (1.0ms)
  Rendered /home/hustmaroon/.rvm/gems/ruby-2.0.0-p643/gems/web-console-2.0.0/lib/action_dispatch/templates/rescues/diagnostics.html.erb within rescues/layout (19.8ms)


Started GET "/users" for 127.0.0.1 at 2015-10-10 16:40:18 +0700
Processing by UsersController#index as HTML
  [1m[36mUser Load (0.3ms)[0m  [1mSELECT "users".* FROM "users"[0m
  Rendered users/index.html.erb within layouts/application (7.4ms)
Completed 200 OK in 48ms (Views: 43.6ms | ActiveRecord: 0.6ms)


Started GET "/microposts" for 127.0.0.1 at 2015-10-10 16:41:17 +0700
Processing by MicropostsController#index as HTML
Completed 500 Internal Server Error in 4ms (ActiveRecord: 0.0ms)

ArgumentError (Unknown validator: 'PrecenseValidator'):
  app/models/micropost.rb:2:in `<class:Micropost>'
  app/models/micropost.rb:1:in `<top (required)>'
  app/controllers/microposts_controller.rb:7:in `index'


  Rendered /home/hustmaroon/.rvm/gems/ruby-2.0.0-p643/gems/web-console-2.0.0/lib/action_dispatch/templates/rescues/_source.erb (6.6ms)
  Rendered /home/hustmaroon/.rvm/gems/ruby-2.0.0-p643/gems/web-console-2.0.0/lib/action_dispatch/templates/rescues/_trace.html.erb (2.4ms)
  Rendered /home/hustmaroon/.rvm/gems/ruby-2.0.0-p643/gems/web-console-2.0.0/lib/action_dispatch/templates/rescues/_request_and_response.html.erb (0.9ms)
  Rendered /home/hustmaroon/.rvm/gems/ruby-2.0.0-p643/gems/web-console-2.0.0/lib/action_dispatch/templates/rescues/_web_console.html.erb (0.8ms)
  Rendered /home/hustmaroon/.rvm/gems/ruby-2.0.0-p643/gems/web-console-2.0.0/lib/action_dispatch/templates/rescues/diagnostics.html.erb within rescues/layout (23.6ms)


Started GET "/microposts" for 127.0.0.1 at 2015-10-10 16:41:49 +0700
Processing by MicropostsController#index as HTML
  [1m[35mMicropost Load (0.3ms)[0m  SELECT "microposts".* FROM "microposts"
  Rendered microposts/index.html.erb within layouts/application (7.1ms)
Completed 200 OK in 38ms (Views: 35.2ms | ActiveRecord: 0.6ms)


Started GET "/microposts/new" for 127.0.0.1 at 2015-10-10 16:41:54 +0700
Processing by MicropostsController#new as HTML
  Rendered microposts/_form.html.erb (93.0ms)
  Rendered microposts/new.html.erb within layouts/application (96.4ms)
Completed 200 OK in 142ms (Views: 140.5ms | ActiveRecord: 0.0ms)


Started POST "/microposts" for 127.0.0.1 at 2015-10-10 16:41:56 +0700
Processing by MicropostsController#create as HTML
  Parameters: {"utf8"=>"✓", "authenticity_token"=>"a5SpjHes+IBlzfLQ/vM4s0UDHyxt5AlAOd3fuRjN7pOyMgmFWc4wuAnt03q5Jwga+jc49eF/NZSM842PJjVYew==", "micropost"=>{"content"=>"", "user_id"=>""}, "commit"=>"Create Micropost"}
  [1m[36m (0.2ms)[0m  [1mbegin transaction[0m
  [1m[35m (0.2ms)[0m  rollback transaction
  Rendered microposts/_form.html.erb (4.5ms)
  Rendered microposts/new.html.erb within layouts/application (6.9ms)
Completed 200 OK in 62ms (Views: 54.8ms | ActiveRecord: 0.4ms)
